
> @a1/generator@0.1.0 build /app/packages/generator
> tsc && cp -r src/templates dist/

../../apps/foundry-api/src/projects/projects.service.ts(2,25): error TS2307: Cannot find module '@a1/generator' or its corresponding type declarations.
../../apps/foundry-web/src/app/layout.tsx(15,5): error TS17004: Cannot use JSX unless the '--jsx' flag is provided.
../../apps/foundry-web/src/app/layout.tsx(16,7): error TS17004: Cannot use JSX unless the '--jsx' flag is provided.
../../apps/foundry-web/src/app/page.tsx(1,31): error TS6142: Module '../components/ProjectWizard' was resolved to '/app/apps/foundry-web/src/components/ProjectWizard.tsx', but '--jsx' is not set.
../../apps/foundry-web/src/app/page.tsx(5,5): error TS17004: Cannot use JSX unless the '--jsx' flag is provided.
../../apps/foundry-web/src/app/page.tsx(6,7): error TS17004: Cannot use JSX unless the '--jsx' flag is provided.
../../apps/foundry-web/src/app/page.tsx(7,9): error TS17004: Cannot use JSX unless the '--jsx' flag is provided.
../../apps/foundry-web/src/app/page.tsx(8,11): error TS17004: Cannot use JSX unless the '--jsx' flag is provided.
../../apps/foundry-web/src/app/page.tsx(11,11): error TS17004: Cannot use JSX unless the '--jsx' flag is provided.
../../apps/foundry-web/src/app/page.tsx(16,9): error TS17004: Cannot use JSX unless the '--jsx' flag is provided.
../../apps/foundry-web/src/components/ProjectWizard.tsx(44,5): error TS17004: Cannot use JSX unless the '--jsx' flag is provided.
../../apps/foundry-web/src/components/ProjectWizard.tsx(45,7): error TS17004: Cannot use JSX unless the '--jsx' flag is provided.
../../apps/foundry-web/src/components/ProjectWizard.tsx(47,11): error TS17004: Cannot use JSX unless the '--jsx' flag is provided.
../../apps/foundry-web/src/components/ProjectWizard.tsx(48,13): error TS17004: Cannot use JSX unless the '--jsx' flag is provided.
../../apps/foundry-web/src/components/ProjectWizard.tsx(49,13): error TS17004: Cannot use JSX unless the '--jsx' flag is provided.
../../apps/foundry-web/src/components/ProjectWizard.tsx(50,13): error TS17004: Cannot use JSX unless the '--jsx' flag is provided.
../../apps/foundry-web/src/components/ProjectWizard.tsx(56,13): error TS17004: Cannot use JSX unless the '--jsx' flag is provided.
../../apps/foundry-web/src/components/ProjectWizard.tsx(66,11): error TS17004: Cannot use JSX unless the '--jsx' flag is provided.
../../apps/foundry-web/src/components/ProjectWizard.tsx(67,13): error TS17004: Cannot use JSX unless the '--jsx' flag is provided.
../../apps/foundry-web/src/components/ProjectWizard.tsx(68,13): error TS17004: Cannot use JSX unless the '--jsx' flag is provided.
../../apps/foundry-web/src/components/ProjectWizard.tsx(69,13): error TS17004: Cannot use JSX unless the '--jsx' flag is provided.
../../apps/foundry-web/src/components/ProjectWizard.tsx(74,11): error TS17004: Cannot use JSX unless the '--jsx' flag is provided.
../../apps/foundry-web/src/components/ProjectWizard.tsx(75,13): error TS17004: Cannot use JSX unless the '--jsx' flag is provided.
../../apps/foundry-web/src/components/ProjectWizard.tsx(76,13): error TS17004: Cannot use JSX unless the '--jsx' flag is provided.
../../apps/foundry-web/src/components/ProjectWizard.tsx(77,15): error TS17004: Cannot use JSX unless the '--jsx' flag is provided.
../../apps/foundry-web/src/components/ProjectWizard.tsx(79,13): error TS17004: Cannot use JSX unless the '--jsx' flag is provided.
../../apps/foundry-web/src/components/ProjectWizard.tsx(80,15): error TS17004: Cannot use JSX unless the '--jsx' flag is provided.
../../apps/foundry-web/src/components/ProjectWizard.tsx(86,15): error TS17004: Cannot use JSX unless the '--jsx' flag is provided.
../../apps/foundry-web/src/components/ProjectWizard.tsx(97,11): error TS17004: Cannot use JSX unless the '--jsx' flag is provided.
../../apps/foundry-web/src/components/ProjectWizard.tsx(98,13): error TS17004: Cannot use JSX unless the '--jsx' flag is provided.
../../apps/foundry-web/src/components/ProjectWizard.tsx(99,15): error TS17004: Cannot use JSX unless the '--jsx' flag is provided.
../../apps/foundry-web/src/components/ProjectWizard.tsx(101,13): error TS17004: Cannot use JSX unless the '--jsx' flag is provided.
../../apps/foundry-web/src/components/ProjectWizard.tsx(102,13): error TS17004: Cannot use JSX unless the '--jsx' flag is provided.
../../apps/foundry-web/src/components/ProjectWizard.tsx(103,15): error TS17004: Cannot use JSX unless the '--jsx' flag is provided.
../../apps/foundry-web/src/components/ProjectWizard.tsx(104,15): error TS17004: Cannot use JSX unless the '--jsx' flag is provided.
../../apps/foundry-web/src/components/ProjectWizard.tsx(105,15): error TS17004: Cannot use JSX unless the '--jsx' flag is provided.
../../apps/foundry-web/src/components/ProjectWizard.tsx(106,15): error TS17004: Cannot use JSX unless the '--jsx' flag is provided.
../../apps/foundry-web/src/components/ProjectWizard.tsx(112,11): error TS17004: Cannot use JSX unless the '--jsx' flag is provided.
../../apps/foundry-web/src/components/ProjectWizard.tsx(113,13): error TS17004: Cannot use JSX unless the '--jsx' flag is provided.
../../apps/foundry-web/src/components/ProjectWizard.tsx(114,15): error TS17004: Cannot use JSX unless the '--jsx' flag is provided.
../../apps/foundry-web/src/components/ProjectWizard.tsx(115,17): error TS17004: Cannot use JSX unless the '--jsx' flag is provided.
../../apps/foundry-web/src/components/ProjectWizard.tsx(118,13): error TS17004: Cannot use JSX unless the '--jsx' flag is provided.
../../apps/foundry-web/src/components/ProjectWizard.tsx(119,13): error TS17004: Cannot use JSX unless the '--jsx' flag is provided.
../../apps/foundry-web/src/components/ProjectWizard.tsx(120,13): error TS17004: Cannot use JSX unless the '--jsx' flag is provided.
../../apps/foundry-web/src/components/ProjectWizard.tsx(121,15): error TS17004: Cannot use JSX unless the '--jsx' flag is provided.
../../apps/foundry-web/src/components/ProjectWizard.tsx(124,15): error TS17004: Cannot use JSX unless the '--jsx' flag is provided.
../../demo/generate-flagship.ts(1,25): error TS2307: Cannot find module '../src/emitter' or its corresponding type declarations.
 ELIFECYCLE  Command failed with exit code 2.
