
> @a1/foundry-web@0.1.0 build /app/apps/foundry-web
> next build

  ▲ Next.js 14.2.0

   Creating an optimized production build ...
 ✓ Compiled successfully
   Linting and checking validity of types ...
   Collecting page data ...
   Generating static pages (0/4) ...
   Generating static pages (1/4)
   Generating static pages (2/4)
   Generating static pages (3/4)
 ✓ Generating static pages (4/4)
   Finalizing page optimization ...
   Collecting build traces ...

Route (app)                              Size     First Load JS
┌ ○ /                                    2.56 kB        89.4 kB
└ ○ /_not-found                          871 B          87.7 kB
+ First Load JS shared by all            86.8 kB
  ├ chunks/71ec73ba-31eedb7be825c314.js  53.6 kB
  ├ chunks/963-9a24109e16d196a8.js       31.3 kB
  └ other shared chunks (total)          1.86 kB


○  (Static)  prerendered as static content
